2006.04.17 17:50 B C:\backup3\registrationadmin\pics\b_hane3.jpg <-- www.cathaywalker.com.tw /registrationadmin/pics b_hane3.jpg
2006.04.17 17:50 B C:\backup3\registrationadmin\pics\check.jpg <-- www.cathaywalker.com.tw /registrationadmin/pics check.jpg
2006.04.17 17:50 B C:\backup3\registrationadmin\pics\check2.jpg <-- www.cathaywalker.com.tw /registrationadmin/pics check2.jpg
2006.04.17 17:50 B C:\backup3\registrationadmin\pics\dot_bar_1.gif <-- www.cathaywalker.com.tw /registrationadmin/pics dot_bar_1.gif
2006.04.17 17:50 B C:\backup3\registrationadmin\pics\excel.jpg <-- www.cathaywalker.com.tw /registrationadmin/pics excel.jpg
2006.04.17 17:50 B C:\backup3\registrationadmin\pics\file.jpg <-- www.cathaywalker.com.tw /registrationadmin/pics file.jpg
2006.04.17 17:50 B C:\backup3\registrationadmin\pics\mail.jpg <-- www.cathaywalker.com.tw /registrationadmin/pics mail.jpg
2006.04.17 17:50 B C:\backup3\registrationadmin\pics\sb_search.gif <-- www.cathaywalker.com.tw /registrationadmin/pics sb_search.gif
2006.04.17 17:50 B C:\backup3\registrationadmin\pics\search_icon.gif <-- www.cathaywalker.com.tw /registrationadmin/pics search_icon.gif
2006.04.17 17:50 B C:\backup3\registrationadmin\pics\tori_y.gif <-- www.cathaywalker.com.tw /registrationadmin/pics tori_y.gif
2007.03.28 23:48 B D:\WWW0927339256\web design\96年國泰挑戰三對三籃球\web\registrationadmin\pics\b_hane3.jpg --> www.cathayball.com.tw /registrationadmin/pics b_hane3.jpg
2007.03.28 23:48 B D:\WWW0927339256\web design\96年國泰挑戰三對三籃球\web\registrationadmin\pics\check.jpg --> www.cathayball.com.tw /registrationadmin/pics check.jpg
2007.03.28 23:48 B D:\WWW0927339256\web design\96年國泰挑戰三對三籃球\web\registrationadmin\pics\check2.jpg --> www.cathayball.com.tw /registrationadmin/pics check2.jpg
2007.03.28 23:48 B D:\WWW0927339256\web design\96年國泰挑戰三對三籃球\web\registrationadmin\pics\dot_bar_1.gif --> www.cathayball.com.tw /registrationadmin/pics dot_bar_1.gif
2007.03.28 23:48 B D:\WWW0927339256\web design\96年國泰挑戰三對三籃球\web\registrationadmin\pics\excel.jpg --> www.cathayball.com.tw /registrationadmin/pics excel.jpg
2007.03.28 23:48 B D:\WWW0927339256\web design\96年國泰挑戰三對三籃球\web\registrationadmin\pics\file.jpg --> www.cathayball.com.tw /registrationadmin/pics file.jpg
2007.03.28 23:48 B D:\WWW0927339256\web design\96年國泰挑戰三對三籃球\web\registrationadmin\pics\mail.jpg --> www.cathayball.com.tw /registrationadmin/pics mail.jpg
2007.03.28 23:48 B D:\WWW0927339256\web design\96年國泰挑戰三對三籃球\web\registrationadmin\pics\sb_search.gif --> www.cathayball.com.tw /registrationadmin/pics sb_search.gif
2007.03.28 23:48 B D:\WWW0927339256\web design\96年國泰挑戰三對三籃球\web\registrationadmin\pics\search_icon.gif --> www.cathayball.com.tw /registrationadmin/pics search_icon.gif
2007.03.28 23:48 B D:\WWW0927339256\web design\96年國泰挑戰三對三籃球\web\registrationadmin\pics\Thumbs.db --> www.cathayball.com.tw /registrationadmin/pics Thumbs.db
2007.03.28 23:48 B D:\WWW0927339256\web design\96年國泰挑戰三對三籃球\web\registrationadmin\pics\tori_y.gif --> www.cathayball.com.tw /registrationadmin/pics tori_y.gif
